{"name":"asUserTryToLogInWithIncorrectLoginAndPassword","status":"skipped","statusDetails":{"known":false,"muted":false,"flaky":false,"message":"Element text was: \"<Invalid username or password. Signon failed.>\", but expecting to be: \"<Invalid username or password. Signon failed. 222222>\"!","trace":"java.lang.AssertionError: Element text was: \"<Invalid username or password. Signon failed.>\", but expecting to be: \"<Invalid username or password. Signon failed. 222222>\"!\n\tat framework.page.objects.LoginPage.assertThatWarningIsDisplayed(LoginPage.java:71)\n\tat framework.tests.FailedLoginTests.asUserTryToLogInWithIncorrectLoginAndPassword(FailedLoginTests.java:27)\n\tat sun.reflect.NativeMethodAccessorImpl.invoke0(Native Method)\n\tat sun.reflect.NativeMethodAccessorImpl.invoke(NativeMethodAccessorImpl.java:62)\n\tat sun.reflect.DelegatingMethodAccessorImpl.invoke(DelegatingMethodAccessorImpl.java:43)\n\tat java.lang.reflect.Method.invoke(Method.java:498)\n\tat org.testng.internal.MethodInvocationHelper.invokeMethod(MethodInvocationHelper.java:133)\n\tat org.testng.internal.TestInvoker.invokeMethod(TestInvoker.java:584)\n\tat org.testng.internal.TestInvoker.retryFailed(TestInvoker.java:204)\n\tat org.testng.internal.MethodRunner.runInSequence(MethodRunner.java:58)\n\tat org.testng.internal.TestInvoker$MethodInvocationAgent.invoke(TestInvoker.java:804)\n\tat org.testng.internal.TestInvoker.invokeTestMethods(TestInvoker.java:145)\n\tat org.testng.internal.TestMethodWorker.invokeTestMethods(TestMethodWorker.java:146)\n\tat org.testng.internal.TestMethodWorker.run(TestMethodWorker.java:128)\n\tat java.util.ArrayList.forEach(ArrayList.java:1259)\n\tat org.testng.TestRunner.privateRun(TestRunner.java:770)\n\tat org.testng.TestRunner.run(TestRunner.java:591)\n\tat org.testng.SuiteRunner.runTest(SuiteRunner.java:402)\n\tat org.testng.SuiteRunner.access$000(SuiteRunner.java:41)\n\tat org.testng.SuiteRunner$SuiteWorker.run(SuiteRunner.java:443)\n\tat org.testng.internal.thread.ThreadUtil.lambda$execute$0(ThreadUtil.java:67)\n\tat java.util.concurrent.FutureTask.run(FutureTask.java:266)\n\tat java.util.concurrent.ThreadPoolExecutor.runWorker(ThreadPoolExecutor.java:1149)\n\tat java.util.concurrent.ThreadPoolExecutor$Worker.run(ThreadPoolExecutor.java:624)\n\tat java.lang.Thread.run(Thread.java:748)\n"},"stage":"finished","description":"The goal of this test is to log in using not proper username and password and check if warning message Invalid username or password is displayed","steps":[{"name":"Navigating to URL: http://przyklady.javastart.pl/jpetstore/actions/Account.action?signonForm=","status":"passed","stage":"finished","steps":[],"attachments":[],"parameters":[{"name":"pageUrl","value":"http://przyklady.javastart.pl/jpetstore/actions/Account.action?signonForm="}],"start":1600291201739,"stop":1600291202004},{"name":"Type into User Name Field NotExistingLogin","status":"passed","stage":"finished","steps":[],"attachments":[],"parameters":[{"name":"username","value":"NotExistingLogin"}],"start":1600291202005,"stop":1600291202193},{"name":"Type into Password Field: NotProperPassword","status":"passed","stage":"finished","steps":[],"attachments":[],"parameters":[{"name":"password","value":"NotProperPassword"}],"start":1600291202193,"stop":1600291202297},{"name":"Click on Login Button","status":"passed","stage":"finished","steps":[],"attachments":[],"parameters":[],"start":1600291202297,"stop":1600291202441},{"name":"Getting warning message from Login Page","status":"failed","statusDetails":{"known":false,"muted":false,"flaky":false,"message":"Element text was: \"<Invalid username or password. Signon failed.>\", but expecting to be: \"<Invalid username or password. Signon failed. 222222>\"!","trace":"java.lang.AssertionError: Element text was: \"<Invalid username or password. Signon failed.>\", but expecting to be: \"<Invalid username or password. Signon failed. 222222>\"!\n\tat framework.page.objects.LoginPage.assertThatWarningIsDisplayed(LoginPage.java:71)\n\tat framework.tests.FailedLoginTests.asUserTryToLogInWithIncorrectLoginAndPassword(FailedLoginTests.java:27)\n\tat sun.reflect.NativeMethodAccessorImpl.invoke0(Native Method)\n\tat sun.reflect.NativeMethodAccessorImpl.invoke(NativeMethodAccessorImpl.java:62)\n\tat sun.reflect.DelegatingMethodAccessorImpl.invoke(DelegatingMethodAccessorImpl.java:43)\n\tat java.lang.reflect.Method.invoke(Method.java:498)\n\tat org.testng.internal.MethodInvocationHelper.invokeMethod(MethodInvocationHelper.java:133)\n\tat org.testng.internal.TestInvoker.invokeMethod(TestInvoker.java:584)\n\tat org.testng.internal.TestInvoker.retryFailed(TestInvoker.java:204)\n\tat org.testng.internal.MethodRunner.runInSequence(MethodRunner.java:58)\n\tat org.testng.internal.TestInvoker$MethodInvocationAgent.invoke(TestInvoker.java:804)\n\tat org.testng.internal.TestInvoker.invokeTestMethods(TestInvoker.java:145)\n\tat org.testng.internal.TestMethodWorker.invokeTestMethods(TestMethodWorker.java:146)\n\tat org.testng.internal.TestMethodWorker.run(TestMethodWorker.java:128)\n\tat java.util.ArrayList.forEach(ArrayList.java:1259)\n\tat org.testng.TestRunner.privateRun(TestRunner.java:770)\n\tat org.testng.TestRunner.run(TestRunner.java:591)\n\tat org.testng.SuiteRunner.runTest(SuiteRunner.java:402)\n\tat org.testng.SuiteRunner.access$000(SuiteRunner.java:41)\n\tat org.testng.SuiteRunner$SuiteWorker.run(SuiteRunner.java:443)\n\tat org.testng.internal.thread.ThreadUtil.lambda$execute$0(ThreadUtil.java:67)\n\tat java.util.concurrent.FutureTask.run(FutureTask.java:266)\n\tat java.util.concurrent.ThreadPoolExecutor.runWorker(ThreadPoolExecutor.java:1149)\n\tat java.util.concurrent.ThreadPoolExecutor$Worker.run(ThreadPoolExecutor.java:624)\n\tat java.lang.Thread.run(Thread.java:748)\n"},"stage":"finished","steps":[],"attachments":[],"parameters":[{"name":"warningMessage","value":"Invalid username or password. Signon failed. 222222"}],"start":1600291202441,"stop":1600291202607}],"attachments":[],"parameters":[{"name":"browser","value":"FIREFOX"}],"start":1600291201738,"stop":1600291202608,"uuid":"3897df52-70a6-4944-ac02-5c56b0cb7df3","historyId":"a3f9da3ae540f0a5b2dab734b4e713e3","fullName":"framework.tests.FailedLoginTests.asUserTryToLogInWithIncorrectLoginAndPassword","labels":[{"name":"package","value":"framework.tests.FailedLoginTests"},{"name":"testClass","value":"framework.tests.FailedLoginTests"},{"name":"testMethod","value":"asUserTryToLogInWithIncorrectLoginAndPassword"},{"name":"parentSuite","value":"All Pet Store Tests"},{"name":"suite","value":"Negative Login Tests"},{"name":"subSuite","value":"framework.tests.FailedLoginTests"},{"name":"host","value":"c0dexter-HP-EliteBook-8540w"},{"name":"thread","value":"16527@c0dexter-HP-EliteBook-8540w.TestNG-tests-1(14)"},{"name":"framework","value":"testng"},{"name":"language","value":"java"},{"name":"severity","value":"normal"}],"links":[{"name":"DEFECT-1","url":"https://example.org/issue/DEFECT-1","type":"issue"},{"name":"ID-1","url":"https://example-tms-system.org/tms/ID-1","type":"tms"}]}