{
  "uid" : "2927fd1c073699a5",
  "name" : "asUserTryToLogInWithIncorrectLoginAndPassword",
  "fullName" : "framework.tests.FailedLoginTests.asUserTryToLogInWithIncorrectLoginAndPassword",
  "historyId" : "a3f9da3ae540f0a5b2dab734b4e713e3",
  "time" : {
    "start" : 1600207526916,
    "stop" : 1600207528141,
    "duration" : 1225
  },
  "description" : "The goal of this test is to log in using not proper username and password and check if warning message Invalid username or password is displayed",
  "descriptionHtml" : "<p>The goal of this test is to log in using not proper username and password and check if warning message Invalid username or password is displayed</p>\n",
  "status" : "failed",
  "statusMessage" : "Element text was: \"<Invalid username or password. Signon failed.>\", but expecting to be: \"<Invalid username or password. Signon failed. 222222>\"!",
  "statusTrace" : "java.lang.AssertionError: Element text was: \"<Invalid username or password. Signon failed.>\", but expecting to be: \"<Invalid username or password. Signon failed. 222222>\"!\n\tat framework.page.objects.LoginPage.assertThatWarningIsDisplayed(LoginPage.java:71)\n\tat framework.tests.FailedLoginTests.asUserTryToLogInWithIncorrectLoginAndPassword(FailedLoginTests.java:26)\n\tat sun.reflect.NativeMethodAccessorImpl.invoke0(Native Method)\n\tat sun.reflect.NativeMethodAccessorImpl.invoke(NativeMethodAccessorImpl.java:62)\n\tat sun.reflect.DelegatingMethodAccessorImpl.invoke(DelegatingMethodAccessorImpl.java:43)\n\tat java.lang.reflect.Method.invoke(Method.java:498)\n\tat org.testng.internal.MethodInvocationHelper.invokeMethod(MethodInvocationHelper.java:133)\n\tat org.testng.internal.TestInvoker.invokeMethod(TestInvoker.java:584)\n\tat org.testng.internal.TestInvoker.invokeTestMethod(TestInvoker.java:172)\n\tat org.testng.internal.MethodRunner.runInSequence(MethodRunner.java:46)\n\tat org.testng.internal.TestInvoker$MethodInvocationAgent.invoke(TestInvoker.java:804)\n\tat org.testng.internal.TestInvoker.invokeTestMethods(TestInvoker.java:145)\n\tat org.testng.internal.TestMethodWorker.invokeTestMethods(TestMethodWorker.java:146)\n\tat org.testng.internal.TestMethodWorker.run(TestMethodWorker.java:128)\n\tat java.util.ArrayList.forEach(ArrayList.java:1259)\n\tat org.testng.TestRunner.privateRun(TestRunner.java:770)\n\tat org.testng.TestRunner.run(TestRunner.java:591)\n\tat org.testng.SuiteRunner.runTest(SuiteRunner.java:402)\n\tat org.testng.SuiteRunner.access$000(SuiteRunner.java:41)\n\tat org.testng.SuiteRunner$SuiteWorker.run(SuiteRunner.java:443)\n\tat org.testng.internal.thread.ThreadUtil.lambda$execute$0(ThreadUtil.java:67)\n\tat java.util.concurrent.FutureTask.run(FutureTask.java:266)\n\tat java.util.concurrent.ThreadPoolExecutor.runWorker(ThreadPoolExecutor.java:1149)\n\tat java.util.concurrent.ThreadPoolExecutor$Worker.run(ThreadPoolExecutor.java:624)\n\tat java.lang.Thread.run(Thread.java:748)\n",
  "flaky" : true,
  "beforeStages" : [ {
    "name" : "beforeClass",
    "time" : {
      "start" : 1600207518642,
      "stop" : 1600207518733,
      "duration" : 91
    },
    "status" : "passed",
    "steps" : [ {
      "name" : "Loading configuration from configuration.properties",
      "time" : {
        "start" : 1600207518694,
        "stop" : 1600207518729,
        "duration" : 35
      },
      "status" : "passed",
      "steps" : [ ],
      "attachments" : [ ],
      "parameters" : [ ],
      "stepsCount" : 0,
      "attachmentsCount" : 0,
      "shouldDisplayMessage" : false,
      "hasContent" : false
    } ],
    "attachments" : [ ],
    "parameters" : [ ],
    "stepsCount" : 1,
    "attachmentsCount" : 0,
    "shouldDisplayMessage" : false,
    "hasContent" : true
  }, {
    "name" : "beforeTest",
    "time" : {
      "start" : 1600207518769,
      "stop" : 1600207526902,
      "duration" : 8133
    },
    "status" : "passed",
    "steps" : [ {
      "name" : "Setting up browser to: FIREFOX and navigating to Home Page",
      "time" : {
        "start" : 1600207518771,
        "stop" : 1600207526902,
        "duration" : 8131
      },
      "status" : "passed",
      "steps" : [ {
        "name" : "Maximizing browser window",
        "time" : {
          "start" : 1600207526221,
          "stop" : 1600207526590,
          "duration" : 369
        },
        "status" : "passed",
        "steps" : [ ],
        "attachments" : [ ],
        "parameters" : [ ],
        "stepsCount" : 0,
        "attachmentsCount" : 0,
        "shouldDisplayMessage" : false,
        "hasContent" : false
      }, {
        "name" : "Navigating to URL: http://przyklady.javastart.pl/jpetstore/",
        "time" : {
          "start" : 1600207526590,
          "stop" : 1600207526902,
          "duration" : 312
        },
        "status" : "passed",
        "steps" : [ ],
        "attachments" : [ ],
        "parameters" : [ {
          "name" : "pageUrl",
          "value" : "http://przyklady.javastart.pl/jpetstore/"
        } ],
        "stepsCount" : 0,
        "attachmentsCount" : 0,
        "shouldDisplayMessage" : false,
        "hasContent" : true
      } ],
      "attachments" : [ ],
      "parameters" : [ {
        "name" : "browserType",
        "value" : "FIREFOX"
      } ],
      "stepsCount" : 2,
      "attachmentsCount" : 0,
      "shouldDisplayMessage" : false,
      "hasContent" : true
    } ],
    "attachments" : [ ],
    "parameters" : [ ],
    "stepsCount" : 3,
    "attachmentsCount" : 0,
    "shouldDisplayMessage" : false,
    "hasContent" : true
  } ],
  "testStage" : {
    "status" : "failed",
    "statusMessage" : "Element text was: \"<Invalid username or password. Signon failed.>\", but expecting to be: \"<Invalid username or password. Signon failed. 222222>\"!",
    "statusTrace" : "java.lang.AssertionError: Element text was: \"<Invalid username or password. Signon failed.>\", but expecting to be: \"<Invalid username or password. Signon failed. 222222>\"!\n\tat framework.page.objects.LoginPage.assertThatWarningIsDisplayed(LoginPage.java:71)\n\tat framework.tests.FailedLoginTests.asUserTryToLogInWithIncorrectLoginAndPassword(FailedLoginTests.java:26)\n\tat sun.reflect.NativeMethodAccessorImpl.invoke0(Native Method)\n\tat sun.reflect.NativeMethodAccessorImpl.invoke(NativeMethodAccessorImpl.java:62)\n\tat sun.reflect.DelegatingMethodAccessorImpl.invoke(DelegatingMethodAccessorImpl.java:43)\n\tat java.lang.reflect.Method.invoke(Method.java:498)\n\tat org.testng.internal.MethodInvocationHelper.invokeMethod(MethodInvocationHelper.java:133)\n\tat org.testng.internal.TestInvoker.invokeMethod(TestInvoker.java:584)\n\tat org.testng.internal.TestInvoker.invokeTestMethod(TestInvoker.java:172)\n\tat org.testng.internal.MethodRunner.runInSequence(MethodRunner.java:46)\n\tat org.testng.internal.TestInvoker$MethodInvocationAgent.invoke(TestInvoker.java:804)\n\tat org.testng.internal.TestInvoker.invokeTestMethods(TestInvoker.java:145)\n\tat org.testng.internal.TestMethodWorker.invokeTestMethods(TestMethodWorker.java:146)\n\tat org.testng.internal.TestMethodWorker.run(TestMethodWorker.java:128)\n\tat java.util.ArrayList.forEach(ArrayList.java:1259)\n\tat org.testng.TestRunner.privateRun(TestRunner.java:770)\n\tat org.testng.TestRunner.run(TestRunner.java:591)\n\tat org.testng.SuiteRunner.runTest(SuiteRunner.java:402)\n\tat org.testng.SuiteRunner.access$000(SuiteRunner.java:41)\n\tat org.testng.SuiteRunner$SuiteWorker.run(SuiteRunner.java:443)\n\tat org.testng.internal.thread.ThreadUtil.lambda$execute$0(ThreadUtil.java:67)\n\tat java.util.concurrent.FutureTask.run(FutureTask.java:266)\n\tat java.util.concurrent.ThreadPoolExecutor.runWorker(ThreadPoolExecutor.java:1149)\n\tat java.util.concurrent.ThreadPoolExecutor$Worker.run(ThreadPoolExecutor.java:624)\n\tat java.lang.Thread.run(Thread.java:748)\n",
    "steps" : [ {
      "name" : "Navigating to URL: http://przyklady.javastart.pl/jpetstore/actions/Account.action?signonForm=",
      "time" : {
        "start" : 1600207526917,
        "stop" : 1600207527165,
        "duration" : 248
      },
      "status" : "passed",
      "steps" : [ ],
      "attachments" : [ ],
      "parameters" : [ {
        "name" : "pageUrl",
        "value" : "http://przyklady.javastart.pl/jpetstore/actions/Account.action?signonForm="
      } ],
      "stepsCount" : 0,
      "attachmentsCount" : 0,
      "shouldDisplayMessage" : false,
      "hasContent" : true
    }, {
      "name" : "Type into User Name Field NotExistingLogin",
      "time" : {
        "start" : 1600207527168,
        "stop" : 1600207527363,
        "duration" : 195
      },
      "status" : "passed",
      "steps" : [ ],
      "attachments" : [ ],
      "parameters" : [ {
        "name" : "username",
        "value" : "NotExistingLogin"
      } ],
      "stepsCount" : 0,
      "attachmentsCount" : 0,
      "shouldDisplayMessage" : false,
      "hasContent" : true
    }, {
      "name" : "Type into Password Field: NotProperPassword",
      "time" : {
        "start" : 1600207527363,
        "stop" : 1600207527463,
        "duration" : 100
      },
      "status" : "passed",
      "steps" : [ ],
      "attachments" : [ ],
      "parameters" : [ {
        "name" : "password",
        "value" : "NotProperPassword"
      } ],
      "stepsCount" : 0,
      "attachmentsCount" : 0,
      "shouldDisplayMessage" : false,
      "hasContent" : true
    }, {
      "name" : "Click on Login Button",
      "time" : {
        "start" : 1600207527464,
        "stop" : 1600207527598,
        "duration" : 134
      },
      "status" : "passed",
      "steps" : [ ],
      "attachments" : [ ],
      "parameters" : [ ],
      "stepsCount" : 0,
      "attachmentsCount" : 0,
      "shouldDisplayMessage" : false,
      "hasContent" : false
    }, {
      "name" : "Getting warning message from Login Page",
      "time" : {
        "start" : 1600207527598,
        "stop" : 1600207527868,
        "duration" : 270
      },
      "status" : "failed",
      "statusMessage" : "Element text was: \"<Invalid username or password. Signon failed.>\", but expecting to be: \"<Invalid username or password. Signon failed. 222222>\"!",
      "statusTrace" : "java.lang.AssertionError: Element text was: \"<Invalid username or password. Signon failed.>\", but expecting to be: \"<Invalid username or password. Signon failed. 222222>\"!\n\tat framework.page.objects.LoginPage.assertThatWarningIsDisplayed(LoginPage.java:71)\n\tat framework.tests.FailedLoginTests.asUserTryToLogInWithIncorrectLoginAndPassword(FailedLoginTests.java:26)\n\tat sun.reflect.NativeMethodAccessorImpl.invoke0(Native Method)\n\tat sun.reflect.NativeMethodAccessorImpl.invoke(NativeMethodAccessorImpl.java:62)\n\tat sun.reflect.DelegatingMethodAccessorImpl.invoke(DelegatingMethodAccessorImpl.java:43)\n\tat java.lang.reflect.Method.invoke(Method.java:498)\n\tat org.testng.internal.MethodInvocationHelper.invokeMethod(MethodInvocationHelper.java:133)\n\tat org.testng.internal.TestInvoker.invokeMethod(TestInvoker.java:584)\n\tat org.testng.internal.TestInvoker.invokeTestMethod(TestInvoker.java:172)\n\tat org.testng.internal.MethodRunner.runInSequence(MethodRunner.java:46)\n\tat org.testng.internal.TestInvoker$MethodInvocationAgent.invoke(TestInvoker.java:804)\n\tat org.testng.internal.TestInvoker.invokeTestMethods(TestInvoker.java:145)\n\tat org.testng.internal.TestMethodWorker.invokeTestMethods(TestMethodWorker.java:146)\n\tat org.testng.internal.TestMethodWorker.run(TestMethodWorker.java:128)\n\tat java.util.ArrayList.forEach(ArrayList.java:1259)\n\tat org.testng.TestRunner.privateRun(TestRunner.java:770)\n\tat org.testng.TestRunner.run(TestRunner.java:591)\n\tat org.testng.SuiteRunner.runTest(SuiteRunner.java:402)\n\tat org.testng.SuiteRunner.access$000(SuiteRunner.java:41)\n\tat org.testng.SuiteRunner$SuiteWorker.run(SuiteRunner.java:443)\n\tat org.testng.internal.thread.ThreadUtil.lambda$execute$0(ThreadUtil.java:67)\n\tat java.util.concurrent.FutureTask.run(FutureTask.java:266)\n\tat java.util.concurrent.ThreadPoolExecutor.runWorker(ThreadPoolExecutor.java:1149)\n\tat java.util.concurrent.ThreadPoolExecutor$Worker.run(ThreadPoolExecutor.java:624)\n\tat java.lang.Thread.run(Thread.java:748)\n",
      "steps" : [ ],
      "attachments" : [ ],
      "parameters" : [ {
        "name" : "warningMessage",
        "value" : "Invalid username or password. Signon failed. 222222"
      } ],
      "stepsCount" : 0,
      "attachmentsCount" : 0,
      "shouldDisplayMessage" : true,
      "hasContent" : true
    } ],
    "attachments" : [ {
      "uid" : "6d65f8df08c0030",
      "name" : "Page screenshot test failure",
      "source" : "6d65f8df08c0030.png",
      "type" : "image/png",
      "size" : 46154
    } ],
    "parameters" : [ ],
    "stepsCount" : 5,
    "attachmentsCount" : 1,
    "shouldDisplayMessage" : false,
    "hasContent" : true
  },
  "afterStages" : [ {
    "name" : "afterTest",
    "time" : {
      "start" : 1600207528147,
      "stop" : 1600207529096,
      "duration" : 949
    },
    "status" : "passed",
    "steps" : [ {
      "name" : "Disposing browser",
      "time" : {
        "start" : 1600207528148,
        "stop" : 1600207529095,
        "duration" : 947
      },
      "status" : "passed",
      "steps" : [ ],
      "attachments" : [ ],
      "parameters" : [ ],
      "stepsCount" : 0,
      "attachmentsCount" : 0,
      "shouldDisplayMessage" : false,
      "hasContent" : false
    } ],
    "attachments" : [ ],
    "parameters" : [ ],
    "stepsCount" : 1,
    "attachmentsCount" : 0,
    "shouldDisplayMessage" : false,
    "hasContent" : true
  } ],
  "labels" : [ {
    "name" : "package",
    "value" : "framework.tests.FailedLoginTests"
  }, {
    "name" : "testClass",
    "value" : "framework.tests.FailedLoginTests"
  }, {
    "name" : "testMethod",
    "value" : "asUserTryToLogInWithIncorrectLoginAndPassword"
  }, {
    "name" : "parentSuite",
    "value" : "All Pet Store Tests"
  }, {
    "name" : "suite",
    "value" : "Negative Login Tests"
  }, {
    "name" : "subSuite",
    "value" : "framework.tests.FailedLoginTests"
  }, {
    "name" : "host",
    "value" : "c0dexter-HP-EliteBook-8540w"
  }, {
    "name" : "thread",
    "value" : "13928@c0dexter-HP-EliteBook-8540w.TestNG-tests-1(14)"
  }, {
    "name" : "framework",
    "value" : "testng"
  }, {
    "name" : "language",
    "value" : "java"
  }, {
    "name" : "severity",
    "value" : "normal"
  }, {
    "name" : "resultFormat",
    "value" : "allure2"
  } ],
  "parameters" : [ {
    "name" : "browser",
    "value" : "FIREFOX"
  } ],
  "links" : [ {
    "name" : "DEFECT-1",
    "url" : "https://example.org/issue/DEFECT-1",
    "type" : "issue"
  }, {
    "name" : "ID-1",
    "url" : "https://example-tms-system.org/tms/ID-1",
    "type" : "tms"
  } ],
  "hidden" : false,
  "retry" : false,
  "extra" : {
    "severity" : "normal",
    "retries" : [ {
      "uid" : "382be8f60695cd24",
      "status" : "failed",
      "statusDetails" : "Element text was: \"<Invalid username or password. Signon failed.>\", but expecting to be: \"<Invalid username or password. Signon failed. 222222>\"!",
      "time" : {
        "start" : 1600207216842,
        "stop" : 1600207217847,
        "duration" : 1005
      }
    }, {
      "uid" : "457891bf8e8e791d",
      "status" : "passed",
      "time" : {
        "start" : 1600207063803,
        "stop" : 1600207064788,
        "duration" : 985
      }
    }, {
      "uid" : "da9d2ad50f6ae6b1",
      "status" : "passed",
      "time" : {
        "start" : 1600203426023,
        "stop" : 1600203427015,
        "duration" : 992
      }
    }, {
      "uid" : "1b0153306c2516c9",
      "status" : "failed",
      "statusDetails" : "Element text was: \"<Invalid username or password. Signon failed.>\", but expecting to be: \"<Invalid username or password. Signon failed. 33>\"!",
      "time" : {
        "start" : 1600203360425,
        "stop" : 1600203361422,
        "duration" : 997
      }
    }, {
      "uid" : "47707d6607535854",
      "status" : "passed",
      "time" : {
        "start" : 1600203265295,
        "stop" : 1600203266259,
        "duration" : 964
      }
    }, {
      "uid" : "656eea829ffdfc32",
      "status" : "passed",
      "time" : {
        "start" : 1600203024941,
        "stop" : 1600203025930,
        "duration" : 989
      }
    }, {
      "uid" : "f4eb26aa0f8e847d",
      "status" : "passed",
      "time" : {
        "start" : 1600202760680,
        "stop" : 1600202761701,
        "duration" : 1021
      }
    } ],
    "categories" : [ {
      "name" : "Product defects",
      "matchedStatuses" : [ ],
      "flaky" : false
    } ],
    "tags" : [ ]
  },
  "source" : "2927fd1c073699a5.json",
  "parameterValues" : [ "FIREFOX" ]
}