{
  "uid" : "870b26c3b5eda3a3",
  "name" : "asUserTryToLogInWithIncorrectLoginAndPassword",
  "fullName" : "framework.tests.FailedLoginTests.asUserTryToLogInWithIncorrectLoginAndPassword",
  "historyId" : "a3f9da3ae540f0a5b2dab734b4e713e3",
  "time" : {
    "start" : 1600291443879,
    "stop" : 1600291445069,
    "duration" : 1190
  },
  "description" : "The goal of this test is to log in using not proper username and password and check if warning message Invalid username or password is displayed",
  "descriptionHtml" : "<p>The goal of this test is to log in using not proper username and password and check if warning message Invalid username or password is displayed</p>\n",
  "status" : "failed",
  "statusMessage" : "Element text was: \"<Invalid username or password. Signon failed.>\", but expecting to be: \"<Invalid username or password. Signon failed. 222222>\"!",
  "statusTrace" : "java.lang.AssertionError: Element text was: \"<Invalid username or password. Signon failed.>\", but expecting to be: \"<Invalid username or password. Signon failed. 222222>\"!\n\tat framework.page.objects.LoginPage.assertThatWarningIsDisplayed(LoginPage.java:71)\n\tat framework.tests.FailedLoginTests.asUserTryToLogInWithIncorrectLoginAndPassword(FailedLoginTests.java:27)\n\tat sun.reflect.NativeMethodAccessorImpl.invoke0(Native Method)\n\tat sun.reflect.NativeMethodAccessorImpl.invoke(NativeMethodAccessorImpl.java:62)\n\tat sun.reflect.DelegatingMethodAccessorImpl.invoke(DelegatingMethodAccessorImpl.java:43)\n\tat java.lang.reflect.Method.invoke(Method.java:498)\n\tat org.testng.internal.MethodInvocationHelper.invokeMethod(MethodInvocationHelper.java:133)\n\tat org.testng.internal.TestInvoker.invokeMethod(TestInvoker.java:584)\n\tat org.testng.internal.TestInvoker.retryFailed(TestInvoker.java:204)\n\tat org.testng.internal.MethodRunner.runInSequence(MethodRunner.java:58)\n\tat org.testng.internal.TestInvoker$MethodInvocationAgent.invoke(TestInvoker.java:804)\n\tat org.testng.internal.TestInvoker.invokeTestMethods(TestInvoker.java:145)\n\tat org.testng.internal.TestMethodWorker.invokeTestMethods(TestMethodWorker.java:146)\n\tat org.testng.internal.TestMethodWorker.run(TestMethodWorker.java:128)\n\tat java.util.ArrayList.forEach(ArrayList.java:1259)\n\tat org.testng.TestRunner.privateRun(TestRunner.java:770)\n\tat org.testng.TestRunner.run(TestRunner.java:591)\n\tat org.testng.SuiteRunner.runTest(SuiteRunner.java:402)\n\tat org.testng.SuiteRunner.access$000(SuiteRunner.java:41)\n\tat org.testng.SuiteRunner$SuiteWorker.run(SuiteRunner.java:443)\n\tat org.testng.internal.thread.ThreadUtil.lambda$execute$0(ThreadUtil.java:67)\n\tat java.util.concurrent.FutureTask.run(FutureTask.java:266)\n\tat java.util.concurrent.ThreadPoolExecutor.runWorker(ThreadPoolExecutor.java:1149)\n\tat java.util.concurrent.ThreadPoolExecutor$Worker.run(ThreadPoolExecutor.java:624)\n\tat java.lang.Thread.run(Thread.java:748)\n",
  "flaky" : true,
  "beforeStages" : [ {
    "name" : "beforeTest",
    "time" : {
      "start" : 1600291438294,
      "stop" : 1600291443873,
      "duration" : 5579
    },
    "status" : "passed",
    "steps" : [ {
      "name" : "Setting up browser to: FIREFOX and navigating to Home Page",
      "time" : {
        "start" : 1600291438294,
        "stop" : 1600291443873,
        "duration" : 5579
      },
      "status" : "passed",
      "steps" : [ {
        "name" : "Maximizing browser window",
        "time" : {
          "start" : 1600291442701,
          "stop" : 1600291443585,
          "duration" : 884
        },
        "status" : "passed",
        "steps" : [ ],
        "attachments" : [ ],
        "parameters" : [ ],
        "stepsCount" : 0,
        "attachmentsCount" : 0,
        "shouldDisplayMessage" : false,
        "hasContent" : false
      }, {
        "name" : "Navigating to URL: http://przyklady.javastart.pl/jpetstore/",
        "time" : {
          "start" : 1600291443585,
          "stop" : 1600291443873,
          "duration" : 288
        },
        "status" : "passed",
        "steps" : [ ],
        "attachments" : [ ],
        "parameters" : [ {
          "name" : "pageUrl",
          "value" : "http://przyklady.javastart.pl/jpetstore/"
        } ],
        "stepsCount" : 0,
        "attachmentsCount" : 0,
        "shouldDisplayMessage" : false,
        "hasContent" : true
      } ],
      "attachments" : [ ],
      "parameters" : [ {
        "name" : "browserType",
        "value" : "FIREFOX"
      } ],
      "stepsCount" : 2,
      "attachmentsCount" : 0,
      "shouldDisplayMessage" : false,
      "hasContent" : true
    } ],
    "attachments" : [ ],
    "parameters" : [ ],
    "stepsCount" : 3,
    "attachmentsCount" : 0,
    "shouldDisplayMessage" : false,
    "hasContent" : true
  }, {
    "name" : "beforeClass",
    "time" : {
      "start" : 1600291419132,
      "stop" : 1600291419207,
      "duration" : 75
    },
    "status" : "passed",
    "steps" : [ {
      "name" : "Loading configuration from configuration.properties",
      "time" : {
        "start" : 1600291419171,
        "stop" : 1600291419203,
        "duration" : 32
      },
      "status" : "passed",
      "steps" : [ ],
      "attachments" : [ ],
      "parameters" : [ ],
      "stepsCount" : 0,
      "attachmentsCount" : 0,
      "shouldDisplayMessage" : false,
      "hasContent" : false
    } ],
    "attachments" : [ ],
    "parameters" : [ ],
    "stepsCount" : 1,
    "attachmentsCount" : 0,
    "shouldDisplayMessage" : false,
    "hasContent" : true
  } ],
  "testStage" : {
    "status" : "failed",
    "statusMessage" : "Element text was: \"<Invalid username or password. Signon failed.>\", but expecting to be: \"<Invalid username or password. Signon failed. 222222>\"!",
    "statusTrace" : "java.lang.AssertionError: Element text was: \"<Invalid username or password. Signon failed.>\", but expecting to be: \"<Invalid username or password. Signon failed. 222222>\"!\n\tat framework.page.objects.LoginPage.assertThatWarningIsDisplayed(LoginPage.java:71)\n\tat framework.tests.FailedLoginTests.asUserTryToLogInWithIncorrectLoginAndPassword(FailedLoginTests.java:27)\n\tat sun.reflect.NativeMethodAccessorImpl.invoke0(Native Method)\n\tat sun.reflect.NativeMethodAccessorImpl.invoke(NativeMethodAccessorImpl.java:62)\n\tat sun.reflect.DelegatingMethodAccessorImpl.invoke(DelegatingMethodAccessorImpl.java:43)\n\tat java.lang.reflect.Method.invoke(Method.java:498)\n\tat org.testng.internal.MethodInvocationHelper.invokeMethod(MethodInvocationHelper.java:133)\n\tat org.testng.internal.TestInvoker.invokeMethod(TestInvoker.java:584)\n\tat org.testng.internal.TestInvoker.retryFailed(TestInvoker.java:204)\n\tat org.testng.internal.MethodRunner.runInSequence(MethodRunner.java:58)\n\tat org.testng.internal.TestInvoker$MethodInvocationAgent.invoke(TestInvoker.java:804)\n\tat org.testng.internal.TestInvoker.invokeTestMethods(TestInvoker.java:145)\n\tat org.testng.internal.TestMethodWorker.invokeTestMethods(TestMethodWorker.java:146)\n\tat org.testng.internal.TestMethodWorker.run(TestMethodWorker.java:128)\n\tat java.util.ArrayList.forEach(ArrayList.java:1259)\n\tat org.testng.TestRunner.privateRun(TestRunner.java:770)\n\tat org.testng.TestRunner.run(TestRunner.java:591)\n\tat org.testng.SuiteRunner.runTest(SuiteRunner.java:402)\n\tat org.testng.SuiteRunner.access$000(SuiteRunner.java:41)\n\tat org.testng.SuiteRunner$SuiteWorker.run(SuiteRunner.java:443)\n\tat org.testng.internal.thread.ThreadUtil.lambda$execute$0(ThreadUtil.java:67)\n\tat java.util.concurrent.FutureTask.run(FutureTask.java:266)\n\tat java.util.concurrent.ThreadPoolExecutor.runWorker(ThreadPoolExecutor.java:1149)\n\tat java.util.concurrent.ThreadPoolExecutor$Worker.run(ThreadPoolExecutor.java:624)\n\tat java.lang.Thread.run(Thread.java:748)\n",
    "steps" : [ {
      "name" : "Navigating to URL: http://przyklady.javastart.pl/jpetstore/actions/Account.action?signonForm=",
      "time" : {
        "start" : 1600291443879,
        "stop" : 1600291444160,
        "duration" : 281
      },
      "status" : "passed",
      "steps" : [ ],
      "attachments" : [ ],
      "parameters" : [ {
        "name" : "pageUrl",
        "value" : "http://przyklady.javastart.pl/jpetstore/actions/Account.action?signonForm="
      } ],
      "stepsCount" : 0,
      "attachmentsCount" : 0,
      "shouldDisplayMessage" : false,
      "hasContent" : true
    }, {
      "name" : "Type into User Name Field NotExistingLogin",
      "time" : {
        "start" : 1600291444161,
        "stop" : 1600291444341,
        "duration" : 180
      },
      "status" : "passed",
      "steps" : [ ],
      "attachments" : [ ],
      "parameters" : [ {
        "name" : "username",
        "value" : "NotExistingLogin"
      } ],
      "stepsCount" : 0,
      "attachmentsCount" : 0,
      "shouldDisplayMessage" : false,
      "hasContent" : true
    }, {
      "name" : "Type into Password Field: NotProperPassword",
      "time" : {
        "start" : 1600291444341,
        "stop" : 1600291444440,
        "duration" : 99
      },
      "status" : "passed",
      "steps" : [ ],
      "attachments" : [ ],
      "parameters" : [ {
        "name" : "password",
        "value" : "NotProperPassword"
      } ],
      "stepsCount" : 0,
      "attachmentsCount" : 0,
      "shouldDisplayMessage" : false,
      "hasContent" : true
    }, {
      "name" : "Click on Login Button",
      "time" : {
        "start" : 1600291444440,
        "stop" : 1600291444592,
        "duration" : 152
      },
      "status" : "passed",
      "steps" : [ ],
      "attachments" : [ ],
      "parameters" : [ ],
      "stepsCount" : 0,
      "attachmentsCount" : 0,
      "shouldDisplayMessage" : false,
      "hasContent" : false
    }, {
      "name" : "Getting warning message from Login Page",
      "time" : {
        "start" : 1600291444592,
        "stop" : 1600291444806,
        "duration" : 214
      },
      "status" : "failed",
      "statusMessage" : "Element text was: \"<Invalid username or password. Signon failed.>\", but expecting to be: \"<Invalid username or password. Signon failed. 222222>\"!",
      "statusTrace" : "java.lang.AssertionError: Element text was: \"<Invalid username or password. Signon failed.>\", but expecting to be: \"<Invalid username or password. Signon failed. 222222>\"!\n\tat framework.page.objects.LoginPage.assertThatWarningIsDisplayed(LoginPage.java:71)\n\tat framework.tests.FailedLoginTests.asUserTryToLogInWithIncorrectLoginAndPassword(FailedLoginTests.java:27)\n\tat sun.reflect.NativeMethodAccessorImpl.invoke0(Native Method)\n\tat sun.reflect.NativeMethodAccessorImpl.invoke(NativeMethodAccessorImpl.java:62)\n\tat sun.reflect.DelegatingMethodAccessorImpl.invoke(DelegatingMethodAccessorImpl.java:43)\n\tat java.lang.reflect.Method.invoke(Method.java:498)\n\tat org.testng.internal.MethodInvocationHelper.invokeMethod(MethodInvocationHelper.java:133)\n\tat org.testng.internal.TestInvoker.invokeMethod(TestInvoker.java:584)\n\tat org.testng.internal.TestInvoker.retryFailed(TestInvoker.java:204)\n\tat org.testng.internal.MethodRunner.runInSequence(MethodRunner.java:58)\n\tat org.testng.internal.TestInvoker$MethodInvocationAgent.invoke(TestInvoker.java:804)\n\tat org.testng.internal.TestInvoker.invokeTestMethods(TestInvoker.java:145)\n\tat org.testng.internal.TestMethodWorker.invokeTestMethods(TestMethodWorker.java:146)\n\tat org.testng.internal.TestMethodWorker.run(TestMethodWorker.java:128)\n\tat java.util.ArrayList.forEach(ArrayList.java:1259)\n\tat org.testng.TestRunner.privateRun(TestRunner.java:770)\n\tat org.testng.TestRunner.run(TestRunner.java:591)\n\tat org.testng.SuiteRunner.runTest(SuiteRunner.java:402)\n\tat org.testng.SuiteRunner.access$000(SuiteRunner.java:41)\n\tat org.testng.SuiteRunner$SuiteWorker.run(SuiteRunner.java:443)\n\tat org.testng.internal.thread.ThreadUtil.lambda$execute$0(ThreadUtil.java:67)\n\tat java.util.concurrent.FutureTask.run(FutureTask.java:266)\n\tat java.util.concurrent.ThreadPoolExecutor.runWorker(ThreadPoolExecutor.java:1149)\n\tat java.util.concurrent.ThreadPoolExecutor$Worker.run(ThreadPoolExecutor.java:624)\n\tat java.lang.Thread.run(Thread.java:748)\n",
      "steps" : [ ],
      "attachments" : [ ],
      "parameters" : [ {
        "name" : "warningMessage",
        "value" : "Invalid username or password. Signon failed. 222222"
      } ],
      "stepsCount" : 0,
      "attachmentsCount" : 0,
      "shouldDisplayMessage" : true,
      "hasContent" : true
    } ],
    "attachments" : [ {
      "uid" : "4ec515da84055e84",
      "name" : "Page screenshot test failure",
      "source" : "4ec515da84055e84.png",
      "type" : "image/png",
      "size" : 46154
    } ],
    "parameters" : [ ],
    "stepsCount" : 5,
    "attachmentsCount" : 1,
    "shouldDisplayMessage" : false,
    "hasContent" : true
  },
  "afterStages" : [ {
    "name" : "afterTest",
    "time" : {
      "start" : 1600291445073,
      "stop" : 1600291446030,
      "duration" : 957
    },
    "status" : "passed",
    "steps" : [ {
      "name" : "Disposing browser",
      "time" : {
        "start" : 1600291445073,
        "stop" : 1600291446030,
        "duration" : 957
      },
      "status" : "passed",
      "steps" : [ ],
      "attachments" : [ ],
      "parameters" : [ ],
      "stepsCount" : 0,
      "attachmentsCount" : 0,
      "shouldDisplayMessage" : false,
      "hasContent" : false
    } ],
    "attachments" : [ ],
    "parameters" : [ ],
    "stepsCount" : 1,
    "attachmentsCount" : 0,
    "shouldDisplayMessage" : false,
    "hasContent" : true
  } ],
  "labels" : [ {
    "name" : "package",
    "value" : "framework.tests.FailedLoginTests"
  }, {
    "name" : "testClass",
    "value" : "framework.tests.FailedLoginTests"
  }, {
    "name" : "testMethod",
    "value" : "asUserTryToLogInWithIncorrectLoginAndPassword"
  }, {
    "name" : "parentSuite",
    "value" : "All Pet Store Tests"
  }, {
    "name" : "suite",
    "value" : "Negative Login Tests"
  }, {
    "name" : "subSuite",
    "value" : "framework.tests.FailedLoginTests"
  }, {
    "name" : "host",
    "value" : "c0dexter-HP-EliteBook-8540w"
  }, {
    "name" : "thread",
    "value" : "18210@c0dexter-HP-EliteBook-8540w.TestNG-tests-1(14)"
  }, {
    "name" : "framework",
    "value" : "testng"
  }, {
    "name" : "language",
    "value" : "java"
  }, {
    "name" : "severity",
    "value" : "normal"
  }, {
    "name" : "resultFormat",
    "value" : "allure2"
  } ],
  "parameters" : [ {
    "name" : "browser",
    "value" : "FIREFOX"
  } ],
  "links" : [ {
    "name" : "DEFECT-1",
    "url" : "https://example.org/issue/DEFECT-1",
    "type" : "issue"
  }, {
    "name" : "ID-1",
    "url" : "https://example-tms-system.org/tms/ID-1",
    "type" : "tms"
  } ],
  "hidden" : false,
  "retry" : false,
  "extra" : {
    "severity" : "normal",
    "retries" : [ {
      "uid" : "4cab3bf861e62d98",
      "status" : "skipped",
      "statusDetails" : "Element text was: \"<Invalid username or password. Signon failed.>\", but expecting to be: \"<Invalid username or password. Signon failed. 222222>\"!",
      "time" : {
        "start" : 1600291436615,
        "stop" : 1600291437496,
        "duration" : 881
      }
    }, {
      "uid" : "ac4b2713338523ce",
      "status" : "skipped",
      "statusDetails" : "Element text was: \"<Invalid username or password. Signon failed.>\", but expecting to be: \"<Invalid username or password. Signon failed. 222222>\"!",
      "time" : {
        "start" : 1600291428792,
        "stop" : 1600291429761,
        "duration" : 969
      }
    }, {
      "uid" : "1d3035dada5e0d5e",
      "status" : "failed",
      "statusDetails" : "Element text was: \"<Invalid username or password. Signon failed.>\", but expecting to be: \"<Invalid username or password. Signon failed. 222222>\"!",
      "time" : {
        "start" : 1600291208853,
        "stop" : 1600291209759,
        "duration" : 906
      }
    }, {
      "uid" : "6f6c44d7bd74c465",
      "status" : "skipped",
      "statusDetails" : "Element text was: \"<Invalid username or password. Signon failed.>\", but expecting to be: \"<Invalid username or password. Signon failed. 222222>\"!",
      "time" : {
        "start" : 1600291201738,
        "stop" : 1600291202608,
        "duration" : 870
      }
    }, {
      "uid" : "40f745fc5cd6ee70",
      "status" : "skipped",
      "statusDetails" : "Element text was: \"<Invalid username or password. Signon failed.>\", but expecting to be: \"<Invalid username or password. Signon failed. 222222>\"!",
      "time" : {
        "start" : 1600291194611,
        "stop" : 1600291195609,
        "duration" : 998
      }
    } ],
    "categories" : [ {
      "name" : "Product defects",
      "matchedStatuses" : [ ],
      "flaky" : false
    } ],
    "tags" : [ ]
  },
  "source" : "870b26c3b5eda3a3.json",
  "parameterValues" : [ "FIREFOX" ]
}